Determining if the pthread_create exist failed with the following output:
Change Dir: /home/vidur/Desktop/ambf/bin/CMakeFiles/CMakeTmp

Run Build Command:"/usr/bin/make" "cmTC_d5995/fast"
/usr/bin/make -f CMakeFiles/cmTC_d5995.dir/build.make CMakeFiles/cmTC_d5995.dir/build
make[1]: Entering directory '/home/vidur/Desktop/ambf/bin/CMakeFiles/CMakeTmp'
Building C object CMakeFiles/cmTC_d5995.dir/CheckSymbolExists.c.o
/usr/bin/cc    -o CMakeFiles/cmTC_d5995.dir/CheckSymbolExists.c.o   -c /home/vidur/Desktop/ambf/bin/CMakeFiles/CMakeTmp/CheckSymbolExists.c
Linking C executable cmTC_d5995
/usr/bin/cmake -E cmake_link_script CMakeFiles/cmTC_d5995.dir/link.txt --verbose=1
/usr/bin/cc      -rdynamic CMakeFiles/cmTC_d5995.dir/CheckSymbolExists.c.o  -o cmTC_d5995 
CMakeFiles/cmTC_d5995.dir/CheckSymbolExists.c.o: In function `main':
CheckSymbolExists.c:(.text+0x1b): undefined reference to `pthread_create'
collect2: error: ld returned 1 exit status
CMakeFiles/cmTC_d5995.dir/build.make:97: recipe for target 'cmTC_d5995' failed
make[1]: *** [cmTC_d5995] Error 1
make[1]: Leaving directory '/home/vidur/Desktop/ambf/bin/CMakeFiles/CMakeTmp'
Makefile:126: recipe for target 'cmTC_d5995/fast' failed
make: *** [cmTC_d5995/fast] Error 2

File /home/vidur/Desktop/ambf/bin/CMakeFiles/CMakeTmp/CheckSymbolExists.c:
/* */
#include <pthread.h>

int main(int argc, char** argv)
{
  (void)argv;
#ifndef pthread_create
  return ((int*)(&pthread_create))[argc];
#else
  (void)argc;
  return 0;
#endif
}

Determining if the function pthread_create exists in the pthreads failed with the following output:
Change Dir: /home/vidur/Desktop/ambf/bin/CMakeFiles/CMakeTmp

Run Build Command:"/usr/bin/make" "cmTC_a81ba/fast"
/usr/bin/make -f CMakeFiles/cmTC_a81ba.dir/build.make CMakeFiles/cmTC_a81ba.dir/build
make[1]: Entering directory '/home/vidur/Desktop/ambf/bin/CMakeFiles/CMakeTmp'
Building C object CMakeFiles/cmTC_a81ba.dir/CheckFunctionExists.c.o
/usr/bin/cc   -DCHECK_FUNCTION_EXISTS=pthread_create   -o CMakeFiles/cmTC_a81ba.dir/CheckFunctionExists.c.o   -c /usr/share/cmake-3.10/Modules/CheckFunctionExists.c
Linking C executable cmTC_a81ba
/usr/bin/cmake -E cmake_link_script CMakeFiles/cmTC_a81ba.dir/link.txt --verbose=1
/usr/bin/cc  -DCHECK_FUNCTION_EXISTS=pthread_create    -rdynamic CMakeFiles/cmTC_a81ba.dir/CheckFunctionExists.c.o  -o cmTC_a81ba -lpthreads 
/usr/bin/x86_64-linux-gnu-ld: cannot find -lpthreads
collect2: error: ld returned 1 exit status
CMakeFiles/cmTC_a81ba.dir/build.make:97: recipe for target 'cmTC_a81ba' failed
make[1]: *** [cmTC_a81ba] Error 1
make[1]: Leaving directory '/home/vidur/Desktop/ambf/bin/CMakeFiles/CMakeTmp'
Makefile:126: recipe for target 'cmTC_a81ba/fast' failed
make: *** [cmTC_a81ba/fast] Error 2


